0 info it worked if it ends with ok
<<<<<<< HEAD
1 verbose cli [ '/usr/local/Cellar/node/5.1.0/bin/node',
1 verbose cli   '/usr/local/bin/npm',
1 verbose cli   'start' ]
2 info using npm@3.3.12
3 info using node@v5.1.0
4 verbose run-script [ 'prestart', 'start', 'poststart' ]
5 info lifecycle rpi_exp@0.0.0~prestart: rpi_exp@0.0.0
6 silly lifecycle rpi_exp@0.0.0~prestart: no script for prestart, continuing
7 info lifecycle rpi_exp@0.0.0~start: rpi_exp@0.0.0
8 verbose lifecycle rpi_exp@0.0.0~start: unsafe-perm in lifecycle true
9 verbose lifecycle rpi_exp@0.0.0~start: PATH: /usr/local/lib/node_modules/npm/bin/node-gyp-bin:/Users/huangyao/github/rpi2_node_link/node_modules/.bin:/usr/local/bin:/usr/bin:/bin:/usr/sbin:/sbin
10 verbose lifecycle rpi_exp@0.0.0~start: CWD: /Users/huangyao/github/rpi2_node_link
11 silly lifecycle rpi_exp@0.0.0~start: Args: [ '-c', 'node ./bin/www' ]
12 silly lifecycle rpi_exp@0.0.0~start: Returned: code: 1  signal: null
13 info lifecycle rpi_exp@0.0.0~start: Failed to exec start script
14 verbose stack Error: rpi_exp@0.0.0 start: `node ./bin/www`
14 verbose stack Exit status 1
14 verbose stack     at EventEmitter.<anonymous> (/usr/local/lib/node_modules/npm/lib/utils/lifecycle.js:232:16)
14 verbose stack     at emitTwo (events.js:87:13)
14 verbose stack     at EventEmitter.emit (events.js:172:7)
14 verbose stack     at ChildProcess.<anonymous> (/usr/local/lib/node_modules/npm/lib/utils/spawn.js:24:14)
14 verbose stack     at emitTwo (events.js:87:13)
14 verbose stack     at ChildProcess.emit (events.js:172:7)
14 verbose stack     at maybeClose (internal/child_process.js:818:16)
14 verbose stack     at Process.ChildProcess._handle.onexit (internal/child_process.js:211:5)
15 verbose pkgid rpi_exp@0.0.0
16 verbose cwd /Users/huangyao/github/rpi2_node_link
17 error Darwin 15.0.0
18 error argv "/usr/local/Cellar/node/5.1.0/bin/node" "/usr/local/bin/npm" "start"
19 error node v5.1.0
20 error npm  v3.3.12
21 error code ELIFECYCLE
22 error rpi_exp@0.0.0 start: `node ./bin/www`
22 error Exit status 1
23 error Failed at the rpi_exp@0.0.0 start script 'node ./bin/www'.
23 error Make sure you have the latest version of node.js and npm installed.
23 error If you do, this is most likely a problem with the rpi_exp package,
23 error not with npm itself.
23 error Tell the author that this fails on your system:
23 error     node ./bin/www
23 error You can get their info via:
23 error     npm owner ls rpi_exp
23 error There is likely additional logging output above.
24 verbose exit [ 1, true ]
=======
1 verbose cli [ '/usr/local/bin/node', '/usr/local/bin/npm', 'start' ]
2 info using npm@2.11.2
3 info using node@v0.12.6
4 verbose run-script [ 'prestart', 'start', 'poststart' ]
5 info prestart rpi_exp@0.0.0
6 info start rpi_exp@0.0.0
7 verbose unsafe-perm in lifecycle true
8 info rpi_exp@0.0.0 Failed to exec start script
9 verbose stack Error: rpi_exp@0.0.0 start: `node ./bin/www`
9 verbose stack Exit status 1
9 verbose stack     at EventEmitter.<anonymous> (/usr/local/lib/node_modules/npm/lib/utils/lifecycle.js:213:16)
9 verbose stack     at EventEmitter.emit (events.js:110:17)
9 verbose stack     at ChildProcess.<anonymous> (/usr/local/lib/node_modules/npm/lib/utils/spawn.js:24:14)
9 verbose stack     at ChildProcess.emit (events.js:110:17)
9 verbose stack     at maybeClose (child_process.js:1015:16)
9 verbose stack     at Process.ChildProcess._handle.onexit (child_process.js:1087:5)
10 verbose pkgid rpi_exp@0.0.0
11 verbose cwd /home/pi/rpcode/rpi_exp
12 error Linux 4.1.7-v7+
13 error argv "/usr/local/bin/node" "/usr/local/bin/npm" "start"
14 error node v0.12.6
15 error npm  v2.11.2
16 error code ELIFECYCLE
17 error rpi_exp@0.0.0 start: `node ./bin/www`
17 error Exit status 1
18 error Failed at the rpi_exp@0.0.0 start script 'node ./bin/www'.
18 error This is most likely a problem with the rpi_exp package,
18 error not with npm itself.
18 error Tell the author that this fails on your system:
18 error     node ./bin/www
18 error You can get their info via:
18 error     npm owner ls rpi_exp
18 error There is likely additional logging output above.
19 verbose exit [ 1, true ]
>>>>>>> 3949012678c6bf7f1f92999899c69f17c3b5ca46
